<?xml version="1.0" encoding="UTF-8" ?>
<testsuite errors="0" failures="0" hostname="WINDOWS-2T5R5EE" name="gtunes.StoreControllerSpec" tests="1" time="3.273" timestamp="2014-02-16T06:38:46">
  <properties />
  <testcase classname="gtunes.StoreControllerSpec" name="test something" time="3.248" />
  <system-out><![CDATA[--Output from test something--
]]></system-out>
  <system-err><![CDATA[--Output from test something--
]]></system-err>
</testsuite>
